1625756041878	geckodriver	INFO	Listening on 127.0.0.1:57397
1625756042885	mozrunner::runner	INFO	Running command: "/usr/bin/firefox" "--marionette" "-foreground" "-no-remote" "-profile" "/tmp/rust_mozprofilewlqCrb"
1625756043298	Marionette	INFO	Marionette enabled
console.warn: SearchSettings: "get: No settings file exists, new profile?" (new NotFoundError("Could not open the file at /tmp/rust_mozprofilewlqCrb/search.json.mozlz4", (void 0)))
1625756044737	Marionette	INFO	Listening on port 39183
1625756044809	Marionette	WARN	TLS certificate errors will be ignored for this session
JavaScript warning: https://www.google.com/maps/contrib/112404020884142820903 line 1483 > injectedScript, line 5248: WebGL warning: texSubImage: Texture has not been initialized prior to a partial upload, forcing the browser to clear it. This may be slow.
JavaScript warning: https://www.google.com/maps/contrib/112404020884142820903 line 1483 > injectedScript, line 5248: WebGL warning: texSubImage: Tex image TEXTURE_2D level 0 is incurring lazy initialization.
JavaScript warning: https://www.google.com/maps/contrib/112404020884142820903 line 1483 > injectedScript, line 5248: WebGL warning: texSubImage: Texture has not been initialized prior to a partial upload, forcing the browser to clear it. This may be slow.
JavaScript warning: https://www.google.com/maps/contrib/112404020884142820903 line 1483 > injectedScript, line 5248: WebGL warning: texSubImage: Tex image TEXTURE_2D level 0 is incurring lazy initialization.
JavaScript warning: https://www.google.com/maps/contrib/112404020884142820903 line 1483 > injectedScript, line 5248: WebGL warning: texSubImage: Texture has not been initialized prior to a partial upload, forcing the browser to clear it. This may be slow.
JavaScript warning: https://www.google.com/maps/contrib/112404020884142820903 line 1483 > injectedScript, line 5248: WebGL warning: texSubImage: Tex image TEXTURE_2D level 0 is incurring lazy initialization.
JavaScript warning: https://www.google.com/maps/contrib/112404020884142820903 line 1483 > injectedScript, line 5248: WebGL warning: texSubImage: Texture has not been initialized prior to a partial upload, forcing the browser to clear it. This may be slow.
JavaScript warning: https://www.google.com/maps/contrib/112404020884142820903 line 1483 > injectedScript, line 5248: WebGL warning: texSubImage: Tex image TEXTURE_2D level 0 is incurring lazy initialization.
JavaScript warning: https://www.google.com/maps/contrib/112404020884142820903 line 1483 > injectedScript, line 5248: WebGL warning: texSubImage: Texture has not been initialized prior to a partial upload, forcing the browser to clear it. This may be slow.
JavaScript warning: https://www.google.com/maps/contrib/112404020884142820903 line 1483 > injectedScript, line 5248: WebGL warning: texSubImage: Tex image TEXTURE_2D level 0 is incurring lazy initialization.
JavaScript warning: https://www.google.com/maps/contrib/112404020884142820903 line 1483 > injectedScript, line 5248: WebGL warning: texSubImage: Texture has not been initialized prior to a partial upload, forcing the browser to clear it. This may be slow.
JavaScript warning: https://www.google.com/maps/contrib/112404020884142820903 line 1483 > injectedScript, line 5248: WebGL warning: texSubImage: Tex image TEXTURE_2D level 0 is incurring lazy initialization.
JavaScript warning: https://www.google.com/maps/contrib/112404020884142820903 line 1483 > injectedScript, line 5256: WebGL warning: copyTexSubImage: Texture has not been initialized prior to a partial upload, forcing the browser to clear it. This may be slow.
JavaScript warning: https://www.google.com/maps/contrib/112404020884142820903 line 1483 > injectedScript, line 5256: WebGL warning: copyTexSubImage: Tex image TEXTURE_2D level 0 is incurring lazy initialization.
1625756061034	Marionette	INFO	Stopped listening on port 39183

###!!! [Child][RunMessage] Error: Channel closing: too late to send/recv, messages will be lost


###!!! [Parent][RunMessage] Error: Channel closing: too late to send/recv, messages will be lost

1625756062963	geckodriver	INFO	Listening on 127.0.0.1:41397
1625756062968	mozrunner::runner	INFO	Running command: "/usr/bin/firefox" "--marionette" "-foreground" "-no-remote" "-profile" "/tmp/rust_mozprofileiBTpVu"
1625756063396	Marionette	INFO	Marionette enabled
console.warn: SearchSettings: "get: No settings file exists, new profile?" (new NotFoundError("Could not open the file at /tmp/rust_mozprofileiBTpVu/search.json.mozlz4", (void 0)))
1625756065037	Marionette	INFO	Listening on port 43849
1625756065097	Marionette	WARN	TLS certificate errors will be ignored for this session
JavaScript warning: https://www.google.com/maps/contrib/100618156831894482506 line 1483 > injectedScript, line 5248: WebGL warning: texSubImage: Texture has not been initialized prior to a partial upload, forcing the browser to clear it. This may be slow.
JavaScript warning: https://www.google.com/maps/contrib/100618156831894482506 line 1483 > injectedScript, line 5248: WebGL warning: texSubImage: Tex image TEXTURE_2D level 0 is incurring lazy initialization.
JavaScript warning: https://www.google.com/maps/contrib/100618156831894482506 line 1483 > injectedScript, line 5248: WebGL warning: texSubImage: Texture has not been initialized prior to a partial upload, forcing the browser to clear it. This may be slow.
JavaScript warning: https://www.google.com/maps/contrib/100618156831894482506 line 1483 > injectedScript, line 5248: WebGL warning: texSubImage: Tex image TEXTURE_2D level 0 is incurring lazy initialization.
JavaScript warning: https://www.google.com/maps/contrib/100618156831894482506 line 1483 > injectedScript, line 5248: WebGL warning: texSubImage: Texture has not been initialized prior to a partial upload, forcing the browser to clear it. This may be slow.
JavaScript warning: https://www.google.com/maps/contrib/100618156831894482506 line 1483 > injectedScript, line 5248: WebGL warning: texSubImage: Tex image TEXTURE_2D level 0 is incurring lazy initialization.
JavaScript warning: https://www.google.com/maps/contrib/100618156831894482506 line 1483 > injectedScript, line 5248: WebGL warning: texSubImage: Texture has not been initialized prior to a partial upload, forcing the browser to clear it. This may be slow.
JavaScript warning: https://www.google.com/maps/contrib/100618156831894482506 line 1483 > injectedScript, line 5248: WebGL warning: texSubImage: Tex image TEXTURE_2D level 0 is incurring lazy initialization.
JavaScript warning: https://www.google.com/maps/contrib/100618156831894482506 line 1483 > injectedScript, line 5248: WebGL warning: texSubImage: Texture has not been initialized prior to a partial upload, forcing the browser to clear it. This may be slow.
JavaScript warning: https://www.google.com/maps/contrib/100618156831894482506 line 1483 > injectedScript, line 5248: WebGL warning: texSubImage: Tex image TEXTURE_2D level 0 is incurring lazy initialization.
JavaScript warning: https://www.google.com/maps/contrib/100618156831894482506 line 1483 > injectedScript, line 5248: WebGL warning: texSubImage: Texture has not been initialized prior to a partial upload, forcing the browser to clear it. This may be slow.
JavaScript warning: https://www.google.com/maps/contrib/100618156831894482506 line 1483 > injectedScript, line 5248: WebGL warning: texSubImage: Tex image TEXTURE_2D level 0 is incurring lazy initialization.
JavaScript warning: https://www.google.com/maps/contrib/100618156831894482506 line 1483 > injectedScript, line 5256: WebGL warning: copyTexSubImage: Texture has not been initialized prior to a partial upload, forcing the browser to clear it. This may be slow.
JavaScript warning: https://www.google.com/maps/contrib/100618156831894482506 line 1483 > injectedScript, line 5256: WebGL warning: copyTexSubImage: Tex image TEXTURE_2D level 0 is incurring lazy initialization.
1625756080720	Marionette	INFO	Stopped listening on port 43849
1625756084938	geckodriver	INFO	Listening on 127.0.0.1:40431
1625756085945	mozrunner::runner	INFO	Running command: "/usr/bin/firefox" "--marionette" "-foreground" "-no-remote" "-profile" "/tmp/rust_mozprofileW6QweA"
1625756086346	Marionette	INFO	Marionette enabled
console.warn: SearchSettings: "get: No settings file exists, new profile?" (new NotFoundError("Could not open the file at /tmp/rust_mozprofileW6QweA/search.json.mozlz4", (void 0)))
1625756087911	Marionette	INFO	Listening on port 40099
1625756087970	Marionette	WARN	TLS certificate errors will be ignored for this session
JavaScript warning: https://www.google.com/maps/contrib/114816110582101673179 line 1483 > injectedScript, line 5248: WebGL warning: texSubImage: Texture has not been initialized prior to a partial upload, forcing the browser to clear it. This may be slow.
JavaScript warning: https://www.google.com/maps/contrib/114816110582101673179 line 1483 > injectedScript, line 5248: WebGL warning: texSubImage: Tex image TEXTURE_2D level 0 is incurring lazy initialization.
JavaScript warning: https://www.google.com/maps/contrib/114816110582101673179 line 1483 > injectedScript, line 5248: WebGL warning: texSubImage: Texture has not been initialized prior to a partial upload, forcing the browser to clear it. This may be slow.
JavaScript warning: https://www.google.com/maps/contrib/114816110582101673179 line 1483 > injectedScript, line 5248: WebGL warning: texSubImage: Tex image TEXTURE_2D level 0 is incurring lazy initialization.
JavaScript warning: https://www.google.com/maps/contrib/114816110582101673179 line 1483 > injectedScript, line 5256: WebGL warning: copyTexSubImage: Texture has not been initialized prior to a partial upload, forcing the browser to clear it. This may be slow.
JavaScript warning: https://www.google.com/maps/contrib/114816110582101673179 line 1483 > injectedScript, line 5256: WebGL warning: copyTexSubImage: Tex image TEXTURE_2D level 0 is incurring lazy initialization.
JavaScript warning: https://www.google.com/maps/contrib/114816110582101673179 line 1483 > injectedScript, line 5248: WebGL warning: texSubImage: Texture has not been initialized prior to a partial upload, forcing the browser to clear it. This may be slow.
JavaScript warning: https://www.google.com/maps/contrib/114816110582101673179 line 1483 > injectedScript, line 5248: WebGL warning: texSubImage: Tex image TEXTURE_2D level 0 is incurring lazy initialization.
JavaScript warning: https://www.google.com/maps/contrib/114816110582101673179 line 1483 > injectedScript, line 5248: WebGL warning: texSubImage: Texture has not been initialized prior to a partial upload, forcing the browser to clear it. This may be slow.
JavaScript warning: https://www.google.com/maps/contrib/114816110582101673179 line 1483 > injectedScript, line 5248: WebGL warning: texSubImage: Tex image TEXTURE_2D level 0 is incurring lazy initialization.
JavaScript warning: https://www.google.com/maps/contrib/114816110582101673179 line 1483 > injectedScript, line 5248: WebGL warning: texSubImage: Texture has not been initialized prior to a partial upload, forcing the browser to clear it. This may be slow.
JavaScript warning: https://www.google.com/maps/contrib/114816110582101673179 line 1483 > injectedScript, line 5248: WebGL warning: texSubImage: Tex image TEXTURE_2D level 0 is incurring lazy initialization.
1625756105341	Marionette	INFO	Stopped listening on port 40099

###!!! [Parent][RunMessage] Error: Channel closing: too late to send/recv, messages will be lost

1625756107362	geckodriver	INFO	Listening on 127.0.0.1:56591
1625756108369	mozrunner::runner	INFO	Running command: "/usr/bin/firefox" "--marionette" "-foreground" "-no-remote" "-profile" "/tmp/rust_mozprofileA4nw8J"
1625756108790	Marionette	INFO	Marionette enabled
console.warn: SearchSettings: "get: No settings file exists, new profile?" (new NotFoundError("Could not open the file at /tmp/rust_mozprofileA4nw8J/search.json.mozlz4", (void 0)))
1625756110245	Marionette	INFO	Listening on port 41077
1625756110295	Marionette	WARN	TLS certificate errors will be ignored for this session
JavaScript warning: https://www.google.com/maps/contrib/107231222647177610831 line 1483 > injectedScript, line 5248: WebGL warning: texSubImage: Texture has not been initialized prior to a partial upload, forcing the browser to clear it. This may be slow.
JavaScript warning: https://www.google.com/maps/contrib/107231222647177610831 line 1483 > injectedScript, line 5248: WebGL warning: texSubImage: Tex image TEXTURE_2D level 0 is incurring lazy initialization.
JavaScript warning: https://www.google.com/maps/contrib/107231222647177610831 line 1483 > injectedScript, line 5248: WebGL warning: texSubImage: Texture has not been initialized prior to a partial upload, forcing the browser to clear it. This may be slow.
JavaScript warning: https://www.google.com/maps/contrib/107231222647177610831 line 1483 > injectedScript, line 5248: WebGL warning: texSubImage: Tex image TEXTURE_2D level 0 is incurring lazy initialization.
JavaScript warning: https://www.google.com/maps/contrib/107231222647177610831 line 1483 > injectedScript, line 5248: WebGL warning: texSubImage: Texture has not been initialized prior to a partial upload, forcing the browser to clear it. This may be slow.
JavaScript warning: https://www.google.com/maps/contrib/107231222647177610831 line 1483 > injectedScript, line 5248: WebGL warning: texSubImage: Tex image TEXTURE_2D level 0 is incurring lazy initialization.
JavaScript warning: https://www.google.com/maps/contrib/107231222647177610831 line 1483 > injectedScript, line 5248: WebGL warning: texSubImage: Texture has not been initialized prior to a partial upload, forcing the browser to clear it. This may be slow.
JavaScript warning: https://www.google.com/maps/contrib/107231222647177610831 line 1483 > injectedScript, line 5248: WebGL warning: texSubImage: Tex image TEXTURE_2D level 0 is incurring lazy initialization.
JavaScript warning: https://www.google.com/maps/contrib/107231222647177610831 line 1483 > injectedScript, line 5248: WebGL warning: texSubImage: Texture has not been initialized prior to a partial upload, forcing the browser to clear it. This may be slow.
JavaScript warning: https://www.google.com/maps/contrib/107231222647177610831 line 1483 > injectedScript, line 5248: WebGL warning: texSubImage: Tex image TEXTURE_2D level 0 is incurring lazy initialization.
JavaScript warning: https://www.google.com/maps/contrib/107231222647177610831 line 1483 > injectedScript, line 5248: WebGL warning: texSubImage: Texture has not been initialized prior to a partial upload, forcing the browser to clear it. This may be slow.
JavaScript warning: https://www.google.com/maps/contrib/107231222647177610831 line 1483 > injectedScript, line 5248: WebGL warning: texSubImage: Tex image TEXTURE_2D level 0 is incurring lazy initialization.
1625756127794	Marionette	INFO	Stopped listening on port 41077

###!!! [Parent][RunMessage] Error: Channel closing: too late to send/recv, messages will be lost

1625756131128	geckodriver	INFO	Listening on 127.0.0.1:40413
1625756132135	mozrunner::runner	INFO	Running command: "/usr/bin/firefox" "--marionette" "-foreground" "-no-remote" "-profile" "/tmp/rust_mozprofilelxYKQP"
1625756132565	Marionette	INFO	Marionette enabled
console.warn: SearchSettings: "get: No settings file exists, new profile?" (new NotFoundError("Could not open the file at /tmp/rust_mozprofilelxYKQP/search.json.mozlz4", (void 0)))
1625756134194	Marionette	INFO	Listening on port 34515
1625756134264	Marionette	WARN	TLS certificate errors will be ignored for this session
JavaScript warning: https://www.google.com/maps/contrib/105527429742191285353 line 1483 > injectedScript, line 5248: WebGL warning: texSubImage: Texture has not been initialized prior to a partial upload, forcing the browser to clear it. This may be slow.
JavaScript warning: https://www.google.com/maps/contrib/105527429742191285353 line 1483 > injectedScript, line 5248: WebGL warning: texSubImage: Tex image TEXTURE_2D level 0 is incurring lazy initialization.
JavaScript warning: https://www.google.com/maps/contrib/105527429742191285353 line 1483 > injectedScript, line 5248: WebGL warning: texSubImage: Texture has not been initialized prior to a partial upload, forcing the browser to clear it. This may be slow.
JavaScript warning: https://www.google.com/maps/contrib/105527429742191285353 line 1483 > injectedScript, line 5248: WebGL warning: texSubImage: Tex image TEXTURE_2D level 0 is incurring lazy initialization.
JavaScript warning: https://www.google.com/maps/contrib/105527429742191285353 line 1483 > injectedScript, line 5248: WebGL warning: texSubImage: Texture has not been initialized prior to a partial upload, forcing the browser to clear it. This may be slow.
JavaScript warning: https://www.google.com/maps/contrib/105527429742191285353 line 1483 > injectedScript, line 5248: WebGL warning: texSubImage: Tex image TEXTURE_2D level 0 is incurring lazy initialization.
JavaScript warning: https://www.google.com/maps/contrib/105527429742191285353 line 1483 > injectedScript, line 5248: WebGL warning: texSubImage: Texture has not been initialized prior to a partial upload, forcing the browser to clear it. This may be slow.
JavaScript warning: https://www.google.com/maps/contrib/105527429742191285353 line 1483 > injectedScript, line 5248: WebGL warning: texSubImage: Tex image TEXTURE_2D level 0 is incurring lazy initialization.
JavaScript warning: https://www.google.com/maps/contrib/105527429742191285353 line 1483 > injectedScript, line 5248: WebGL warning: texSubImage: Texture has not been initialized prior to a partial upload, forcing the browser to clear it. This may be slow.
JavaScript warning: https://www.google.com/maps/contrib/105527429742191285353 line 1483 > injectedScript, line 5248: WebGL warning: texSubImage: Tex image TEXTURE_2D level 0 is incurring lazy initialization.
JavaScript warning: https://www.google.com/maps/contrib/105527429742191285353 line 1483 > injectedScript, line 5248: WebGL warning: texSubImage: Texture has not been initialized prior to a partial upload, forcing the browser to clear it. This may be slow.
JavaScript warning: https://www.google.com/maps/contrib/105527429742191285353 line 1483 > injectedScript, line 5248: WebGL warning: texSubImage: Tex image TEXTURE_2D level 0 is incurring lazy initialization.
JavaScript warning: https://www.google.com/maps/contrib/105527429742191285353 line 1483 > injectedScript, line 5256: WebGL warning: copyTexSubImage: Texture has not been initialized prior to a partial upload, forcing the browser to clear it. This may be slow.
JavaScript warning: https://www.google.com/maps/contrib/105527429742191285353 line 1483 > injectedScript, line 5256: WebGL warning: copyTexSubImage: Tex image TEXTURE_2D level 0 is incurring lazy initialization.
1625756156784	Marionette	INFO	Stopped listening on port 34515

###!!! [Parent][RunMessage] Error: Channel closing: too late to send/recv, messages will be lost

1625756158589	geckodriver	INFO	Listening on 127.0.0.1:36383
1625756159595	mozrunner::runner	INFO	Running command: "/usr/bin/firefox" "--marionette" "-foreground" "-no-remote" "-profile" "/tmp/rust_mozprofiletUK4xi"
1625756160005	Marionette	INFO	Marionette enabled
console.warn: SearchSettings: "get: No settings file exists, new profile?" (new NotFoundError("Could not open the file at /tmp/rust_mozprofiletUK4xi/search.json.mozlz4", (void 0)))
1625756161605	Marionette	INFO	Listening on port 40167
1625756161720	Marionette	WARN	TLS certificate errors will be ignored for this session
JavaScript warning: https://www.google.com/maps/contrib/106578951727501361246 line 1483 > injectedScript, line 5251: WebGL warning: texSubImage: Texture has not been initialized prior to a partial upload, forcing the browser to clear it. This may be slow.
JavaScript warning: https://www.google.com/maps/contrib/106578951727501361246 line 1483 > injectedScript, line 5251: WebGL warning: texSubImage: Tex image TEXTURE_2D level 0 is incurring lazy initialization.
JavaScript warning: https://www.google.com/maps/contrib/106578951727501361246 line 1483 > injectedScript, line 5251: WebGL warning: texSubImage: Texture has not been initialized prior to a partial upload, forcing the browser to clear it. This may be slow.
JavaScript warning: https://www.google.com/maps/contrib/106578951727501361246 line 1483 > injectedScript, line 5251: WebGL warning: texSubImage: Tex image TEXTURE_2D level 0 is incurring lazy initialization.
JavaScript warning: https://www.google.com/maps/contrib/106578951727501361246 line 1483 > injectedScript, line 5251: WebGL warning: texSubImage: Texture has not been initialized prior to a partial upload, forcing the browser to clear it. This may be slow.
JavaScript warning: https://www.google.com/maps/contrib/106578951727501361246 line 1483 > injectedScript, line 5251: WebGL warning: texSubImage: Tex image TEXTURE_2D level 0 is incurring lazy initialization.
JavaScript warning: https://www.google.com/maps/contrib/106578951727501361246 line 1483 > injectedScript, line 5251: WebGL warning: texSubImage: Texture has not been initialized prior to a partial upload, forcing the browser to clear it. This may be slow.
JavaScript warning: https://www.google.com/maps/contrib/106578951727501361246 line 1483 > injectedScript, line 5251: WebGL warning: texSubImage: Tex image TEXTURE_2D level 0 is incurring lazy initialization.
JavaScript warning: https://www.google.com/maps/contrib/106578951727501361246 line 1483 > injectedScript, line 5251: WebGL warning: texSubImage: Texture has not been initialized prior to a partial upload, forcing the browser to clear it. This may be slow.
JavaScript warning: https://www.google.com/maps/contrib/106578951727501361246 line 1483 > injectedScript, line 5251: WebGL warning: texSubImage: Tex image TEXTURE_2D level 0 is incurring lazy initialization.
JavaScript warning: https://www.google.com/maps/contrib/106578951727501361246 line 1483 > injectedScript, line 5251: WebGL warning: texSubImage: Texture has not been initialized prior to a partial upload, forcing the browser to clear it. This may be slow.
JavaScript warning: https://www.google.com/maps/contrib/106578951727501361246 line 1483 > injectedScript, line 5251: WebGL warning: texSubImage: Tex image TEXTURE_2D level 0 is incurring lazy initialization.
1625756173645	Marionette	INFO	Stopped listening on port 40167

###!!! [Parent][RunMessage] Error: Channel closing: too late to send/recv, messages will be lost

1625756175631	geckodriver	INFO	Listening on 127.0.0.1:60405
1625756176636	mozrunner::runner	INFO	Running command: "/usr/bin/firefox" "--marionette" "-foreground" "-no-remote" "-profile" "/tmp/rust_mozprofileuid9Vs"
1625756177077	Marionette	INFO	Marionette enabled
console.warn: SearchSettings: "get: No settings file exists, new profile?" (new NotFoundError("Could not open the file at /tmp/rust_mozprofileuid9Vs/search.json.mozlz4", (void 0)))
1625756178653	Marionette	INFO	Listening on port 35003
1625756178766	Marionette	WARN	TLS certificate errors will be ignored for this session
JavaScript warning: https://www.google.com/maps/contrib/110661948923364257831 line 1483 > injectedScript, line 5248: WebGL warning: texSubImage: Texture has not been initialized prior to a partial upload, forcing the browser to clear it. This may be slow.
JavaScript warning: https://www.google.com/maps/contrib/110661948923364257831 line 1483 > injectedScript, line 5248: WebGL warning: texSubImage: Tex image TEXTURE_2D level 0 is incurring lazy initialization.
JavaScript warning: https://www.google.com/maps/contrib/110661948923364257831 line 1483 > injectedScript, line 5248: WebGL warning: texSubImage: Texture has not been initialized prior to a partial upload, forcing the browser to clear it. This may be slow.
JavaScript warning: https://www.google.com/maps/contrib/110661948923364257831 line 1483 > injectedScript, line 5248: WebGL warning: texSubImage: Tex image TEXTURE_2D level 0 is incurring lazy initialization.
JavaScript warning: https://www.google.com/maps/contrib/110661948923364257831 line 1483 > injectedScript, line 5248: WebGL warning: texSubImage: Texture has not been initialized prior to a partial upload, forcing the browser to clear it. This may be slow.
JavaScript warning: https://www.google.com/maps/contrib/110661948923364257831 line 1483 > injectedScript, line 5248: WebGL warning: texSubImage: Tex image TEXTURE_2D level 0 is incurring lazy initialization.
JavaScript warning: https://www.google.com/maps/contrib/110661948923364257831 line 1483 > injectedScript, line 5248: WebGL warning: texSubImage: Texture has not been initialized prior to a partial upload, forcing the browser to clear it. This may be slow.
JavaScript warning: https://www.google.com/maps/contrib/110661948923364257831 line 1483 > injectedScript, line 5248: WebGL warning: texSubImage: Tex image TEXTURE_2D level 0 is incurring lazy initialization.
JavaScript warning: https://www.google.com/maps/contrib/110661948923364257831 line 1483 > injectedScript, line 5248: WebGL warning: texSubImage: Texture has not been initialized prior to a partial upload, forcing the browser to clear it. This may be slow.
JavaScript warning: https://www.google.com/maps/contrib/110661948923364257831 line 1483 > injectedScript, line 5248: WebGL warning: texSubImage: Tex image TEXTURE_2D level 0 is incurring lazy initialization.
JavaScript warning: https://www.google.com/maps/contrib/110661948923364257831 line 1483 > injectedScript, line 5248: WebGL warning: texSubImage: Texture has not been initialized prior to a partial upload, forcing the browser to clear it. This may be slow.
JavaScript warning: https://www.google.com/maps/contrib/110661948923364257831 line 1483 > injectedScript, line 5248: WebGL warning: texSubImage: Tex image TEXTURE_2D level 0 is incurring lazy initialization.
1625756189317	Marionette	INFO	Stopped listening on port 35003
1625756191139	geckodriver	INFO	Listening on 127.0.0.1:47281
1625756192146	mozrunner::runner	INFO	Running command: "/usr/bin/firefox" "--marionette" "-foreground" "-no-remote" "-profile" "/tmp/rust_mozprofileYRw7di"
1625756192585	Marionette	INFO	Marionette enabled
console.warn: SearchSettings: "get: No settings file exists, new profile?" (new NotFoundError("Could not open the file at /tmp/rust_mozprofileYRw7di/search.json.mozlz4", (void 0)))
1625756194065	Marionette	INFO	Listening on port 35721
1625756194172	Marionette	WARN	TLS certificate errors will be ignored for this session
JavaScript warning: https://www.google.com/maps/contrib/116609094242979667000 line 1483 > injectedScript, line 5248: WebGL warning: texSubImage: Texture has not been initialized prior to a partial upload, forcing the browser to clear it. This may be slow.
JavaScript warning: https://www.google.com/maps/contrib/116609094242979667000 line 1483 > injectedScript, line 5248: WebGL warning: texSubImage: Tex image TEXTURE_2D level 0 is incurring lazy initialization.
JavaScript warning: https://www.google.com/maps/contrib/116609094242979667000 line 1483 > injectedScript, line 5248: WebGL warning: texSubImage: Texture has not been initialized prior to a partial upload, forcing the browser to clear it. This may be slow.
JavaScript warning: https://www.google.com/maps/contrib/116609094242979667000 line 1483 > injectedScript, line 5248: WebGL warning: texSubImage: Tex image TEXTURE_2D level 0 is incurring lazy initialization.
JavaScript warning: https://www.google.com/maps/contrib/116609094242979667000 line 1483 > injectedScript, line 5248: WebGL warning: texSubImage: Texture has not been initialized prior to a partial upload, forcing the browser to clear it. This may be slow.
JavaScript warning: https://www.google.com/maps/contrib/116609094242979667000 line 1483 > injectedScript, line 5248: WebGL warning: texSubImage: Tex image TEXTURE_2D level 0 is incurring lazy initialization.
JavaScript warning: https://www.google.com/maps/contrib/116609094242979667000 line 1483 > injectedScript, line 5248: WebGL warning: texSubImage: Texture has not been initialized prior to a partial upload, forcing the browser to clear it. This may be slow.
JavaScript warning: https://www.google.com/maps/contrib/116609094242979667000 line 1483 > injectedScript, line 5248: WebGL warning: texSubImage: Tex image TEXTURE_2D level 0 is incurring lazy initialization.
JavaScript warning: https://www.google.com/maps/contrib/116609094242979667000 line 1483 > injectedScript, line 5248: WebGL warning: texSubImage: Texture has not been initialized prior to a partial upload, forcing the browser to clear it. This may be slow.
JavaScript warning: https://www.google.com/maps/contrib/116609094242979667000 line 1483 > injectedScript, line 5248: WebGL warning: texSubImage: Tex image TEXTURE_2D level 0 is incurring lazy initialization.
JavaScript warning: https://www.google.com/maps/contrib/116609094242979667000 line 1483 > injectedScript, line 1195: WebGL warning: drawArraysInstanced: Tex image TEXTURE_2D level 0 is incurring lazy initialization.
JavaScript warning: https://www.google.com/maps/contrib/116609094242979667000 line 1483 > injectedScript, line 5256: WebGL warning: copyTexSubImage: Texture has not been initialized prior to a partial upload, forcing the browser to clear it. This may be slow.
JavaScript warning: https://www.google.com/maps/contrib/116609094242979667000 line 1483 > injectedScript, line 5256: WebGL warning: copyTexSubImage: Tex image TEXTURE_2D level 0 is incurring lazy initialization.
1625756211731	Marionette	INFO	Stopped listening on port 35721

###!!! [Parent][RunMessage] Error: Channel closing: too late to send/recv, messages will be lost

1625756213679	geckodriver	INFO	Listening on 127.0.0.1:48515
1625756214686	mozrunner::runner	INFO	Running command: "/usr/bin/firefox" "--marionette" "-foreground" "-no-remote" "-profile" "/tmp/rust_mozprofile78GkfY"
1625756215094	Marionette	INFO	Marionette enabled
console.warn: SearchSettings: "get: No settings file exists, new profile?" (new NotFoundError("Could not open the file at /tmp/rust_mozprofile78GkfY/search.json.mozlz4", (void 0)))
1625756216651	Marionette	INFO	Listening on port 42655
1625756216716	Marionette	WARN	TLS certificate errors will be ignored for this session
JavaScript warning: https://www.google.com/maps/contrib/103335172392597975132 line 1483 > injectedScript, line 5248: WebGL warning: texSubImage: Texture has not been initialized prior to a partial upload, forcing the browser to clear it. This may be slow.
JavaScript warning: https://www.google.com/maps/contrib/103335172392597975132 line 1483 > injectedScript, line 5248: WebGL warning: texSubImage: Tex image TEXTURE_2D level 0 is incurring lazy initialization.
JavaScript warning: https://www.google.com/maps/contrib/103335172392597975132 line 1483 > injectedScript, line 5248: WebGL warning: texSubImage: Texture has not been initialized prior to a partial upload, forcing the browser to clear it. This may be slow.
JavaScript warning: https://www.google.com/maps/contrib/103335172392597975132 line 1483 > injectedScript, line 5248: WebGL warning: texSubImage: Tex image TEXTURE_2D level 0 is incurring lazy initialization.
JavaScript warning: https://www.google.com/maps/contrib/103335172392597975132 line 1483 > injectedScript, line 5248: WebGL warning: texSubImage: Texture has not been initialized prior to a partial upload, forcing the browser to clear it. This may be slow.
JavaScript warning: https://www.google.com/maps/contrib/103335172392597975132 line 1483 > injectedScript, line 5248: WebGL warning: texSubImage: Tex image TEXTURE_2D level 0 is incurring lazy initialization.
JavaScript warning: https://www.google.com/maps/contrib/103335172392597975132 line 1483 > injectedScript, line 5248: WebGL warning: texSubImage: Texture has not been initialized prior to a partial upload, forcing the browser to clear it. This may be slow.
JavaScript warning: https://www.google.com/maps/contrib/103335172392597975132 line 1483 > injectedScript, line 5248: WebGL warning: texSubImage: Tex image TEXTURE_2D level 0 is incurring lazy initialization.
JavaScript warning: https://www.google.com/maps/contrib/103335172392597975132 line 1483 > injectedScript, line 5248: WebGL warning: texSubImage: Texture has not been initialized prior to a partial upload, forcing the browser to clear it. This may be slow.
JavaScript warning: https://www.google.com/maps/contrib/103335172392597975132 line 1483 > injectedScript, line 5248: WebGL warning: texSubImage: Tex image TEXTURE_2D level 0 is incurring lazy initialization.
JavaScript warning: https://www.google.com/maps/contrib/103335172392597975132 line 1483 > injectedScript, line 5248: WebGL warning: texSubImage: Texture has not been initialized prior to a partial upload, forcing the browser to clear it. This may be slow.
JavaScript warning: https://www.google.com/maps/contrib/103335172392597975132 line 1483 > injectedScript, line 5248: WebGL warning: texSubImage: Tex image TEXTURE_2D level 0 is incurring lazy initialization.
1625756227567	Marionette	INFO	Stopped listening on port 42655

###!!! [Parent][RunMessage] Error: Channel closing: too late to send/recv, messages will be lost

1625756229645	geckodriver	INFO	Listening on 127.0.0.1:37981
1625756230652	mozrunner::runner	INFO	Running command: "/usr/bin/firefox" "--marionette" "-foreground" "-no-remote" "-profile" "/tmp/rust_mozprofileLoiTOZ"
1625756231061	Marionette	INFO	Marionette enabled
console.warn: SearchSettings: "get: No settings file exists, new profile?" (new NotFoundError("Could not open the file at /tmp/rust_mozprofileLoiTOZ/search.json.mozlz4", (void 0)))
1625756232682	Marionette	INFO	Listening on port 42883
1625756232775	Marionette	WARN	TLS certificate errors will be ignored for this session
JavaScript warning: https://www.google.com/maps/contrib/105886341885070317906 line 1483 > injectedScript, line 5248: WebGL warning: texSubImage: Texture has not been initialized prior to a partial upload, forcing the browser to clear it. This may be slow.
JavaScript warning: https://www.google.com/maps/contrib/105886341885070317906 line 1483 > injectedScript, line 5248: WebGL warning: texSubImage: Tex image TEXTURE_2D level 0 is incurring lazy initialization.
JavaScript warning: https://www.google.com/maps/contrib/105886341885070317906 line 1483 > injectedScript, line 5248: WebGL warning: texSubImage: Texture has not been initialized prior to a partial upload, forcing the browser to clear it. This may be slow.
JavaScript warning: https://www.google.com/maps/contrib/105886341885070317906 line 1483 > injectedScript, line 5248: WebGL warning: texSubImage: Tex image TEXTURE_2D level 0 is incurring lazy initialization.
JavaScript warning: https://www.google.com/maps/contrib/105886341885070317906 line 1483 > injectedScript, line 5248: WebGL warning: texSubImage: Texture has not been initialized prior to a partial upload, forcing the browser to clear it. This may be slow.
JavaScript warning: https://www.google.com/maps/contrib/105886341885070317906 line 1483 > injectedScript, line 5248: WebGL warning: texSubImage: Tex image TEXTURE_2D level 0 is incurring lazy initialization.
JavaScript warning: https://www.google.com/maps/contrib/105886341885070317906 line 1483 > injectedScript, line 1195: WebGL warning: drawArraysInstanced: Tex image TEXTURE_2D level 0 is incurring lazy initialization.
1625756251431	Marionette	INFO	Stopped listening on port 42883

###!!! [Parent][RunMessage] Error: Channel closing: too late to send/recv, messages will be lost

1625756259572	geckodriver	INFO	Listening on 127.0.0.1:37375
1625756259576	mozrunner::runner	INFO	Running command: "/usr/bin/firefox" "--marionette" "-foreground" "-no-remote" "-profile" "/tmp/rust_mozprofile5vWzcU"
1625756259980	Marionette	INFO	Marionette enabled
console.warn: SearchSettings: "get: No settings file exists, new profile?" (new NotFoundError("Could not open the file at /tmp/rust_mozprofile5vWzcU/search.json.mozlz4", (void 0)))
1625756261560	Marionette	INFO	Listening on port 40147
1625756261603	Marionette	WARN	TLS certificate errors will be ignored for this session
JavaScript warning: https://www.google.com/maps/contrib/105441447237899648399 line 1483 > injectedScript, line 5248: WebGL warning: texSubImage: Texture has not been initialized prior to a partial upload, forcing the browser to clear it. This may be slow.
JavaScript warning: https://www.google.com/maps/contrib/105441447237899648399 line 1483 > injectedScript, line 5248: WebGL warning: texSubImage: Tex image TEXTURE_2D level 0 is incurring lazy initialization.
JavaScript warning: https://www.google.com/maps/contrib/105441447237899648399 line 1483 > injectedScript, line 5248: WebGL warning: texSubImage: Texture has not been initialized prior to a partial upload, forcing the browser to clear it. This may be slow.
JavaScript warning: https://www.google.com/maps/contrib/105441447237899648399 line 1483 > injectedScript, line 5248: WebGL warning: texSubImage: Tex image TEXTURE_2D level 0 is incurring lazy initialization.
JavaScript warning: https://www.google.com/maps/contrib/105441447237899648399 line 1483 > injectedScript, line 5248: WebGL warning: texSubImage: Texture has not been initialized prior to a partial upload, forcing the browser to clear it. This may be slow.
JavaScript warning: https://www.google.com/maps/contrib/105441447237899648399 line 1483 > injectedScript, line 5248: WebGL warning: texSubImage: Tex image TEXTURE_2D level 0 is incurring lazy initialization.
JavaScript warning: https://www.google.com/maps/contrib/105441447237899648399 line 1483 > injectedScript, line 5248: WebGL warning: texSubImage: Texture has not been initialized prior to a partial upload, forcing the browser to clear it. This may be slow.
JavaScript warning: https://www.google.com/maps/contrib/105441447237899648399 line 1483 > injectedScript, line 5248: WebGL warning: texSubImage: Tex image TEXTURE_2D level 0 is incurring lazy initialization.
JavaScript warning: https://www.google.com/maps/contrib/105441447237899648399 line 1483 > injectedScript, line 5248: WebGL warning: texSubImage: Texture has not been initialized prior to a partial upload, forcing the browser to clear it. This may be slow.
JavaScript warning: https://www.google.com/maps/contrib/105441447237899648399 line 1483 > injectedScript, line 5248: WebGL warning: texSubImage: Tex image TEXTURE_2D level 0 is incurring lazy initialization.
JavaScript warning: https://www.google.com/maps/contrib/105441447237899648399 line 1483 > injectedScript, line 5248: WebGL warning: texSubImage: Texture has not been initialized prior to a partial upload, forcing the browser to clear it. This may be slow.
JavaScript warning: https://www.google.com/maps/contrib/105441447237899648399 line 1483 > injectedScript, line 5248: WebGL warning: texSubImage: Tex image TEXTURE_2D level 0 is incurring lazy initialization.
1625756296927	Marionette	INFO	Stopped listening on port 40147

###!!! [Parent][RunMessage] Error: Channel closing: too late to send/recv, messages will be lost

1625756299156	geckodriver	INFO	Listening on 127.0.0.1:41147
1625756300163	mozrunner::runner	INFO	Running command: "/usr/bin/firefox" "--marionette" "-foreground" "-no-remote" "-profile" "/tmp/rust_mozprofileTEwfa1"
1625756300591	Marionette	INFO	Marionette enabled
console.warn: SearchSettings: "get: No settings file exists, new profile?" (new NotFoundError("Could not open the file at /tmp/rust_mozprofileTEwfa1/search.json.mozlz4", (void 0)))
1625756302037	Marionette	INFO	Listening on port 41687
1625756302092	Marionette	WARN	TLS certificate errors will be ignored for this session
JavaScript warning: https://www.google.com/maps/contrib/114662743491960383845 line 1483 > injectedScript, line 5248: WebGL warning: texSubImage: Texture has not been initialized prior to a partial upload, forcing the browser to clear it. This may be slow.
JavaScript warning: https://www.google.com/maps/contrib/114662743491960383845 line 1483 > injectedScript, line 5248: WebGL warning: texSubImage: Tex image TEXTURE_2D level 0 is incurring lazy initialization.
1625756324349	geckodriver	INFO	Listening on 127.0.0.1:49775
1625756324352	mozrunner::runner	INFO	Running command: "/usr/bin/firefox" "--marionette" "-foreground" "-no-remote" "-profile" "/tmp/rust_mozprofile1OmHC3"
1625756324754	Marionette	INFO	Marionette enabled
console.warn: SearchSettings: "get: No settings file exists, new profile?" (new NotFoundError("Could not open the file at /tmp/rust_mozprofile1OmHC3/search.json.mozlz4", (void 0)))
JavaScript warning: https://www.google.com/maps/contrib/114662743491960383845 line 1483 > injectedScript, line 5248: WebGL warning: texSubImage: Texture has not been initialized prior to a partial upload, forcing the browser to clear it. This may be slow.
JavaScript warning: https://www.google.com/maps/contrib/114662743491960383845 line 1483 > injectedScript, line 5248: WebGL warning: texSubImage: Tex image TEXTURE_2D level 0 is incurring lazy initialization.
1625756326653	Marionette	INFO	Listening on port 42605
1625756326679	Marionette	WARN	TLS certificate errors will be ignored for this session
JavaScript warning: https://www.google.com/maps/contrib/114662743491960383845 line 1483 > injectedScript, line 5256: WebGL warning: copyTexSubImage: Texture has not been initialized prior to a partial upload, forcing the browser to clear it. This may be slow.
JavaScript warning: https://www.google.com/maps/contrib/114662743491960383845 line 1483 > injectedScript, line 5256: WebGL warning: copyTexSubImage: Tex image TEXTURE_2D level 0 is incurring lazy initialization.
JavaScript warning: https://www.google.com/maps/contrib/114662743491960383845 line 1483 > injectedScript, line 5248: WebGL warning: texSubImage: Texture has not been initialized prior to a partial upload, forcing the browser to clear it. This may be slow.
JavaScript warning: https://www.google.com/maps/contrib/114662743491960383845 line 1483 > injectedScript, line 5248: WebGL warning: texSubImage: Tex image TEXTURE_2D level 0 is incurring lazy initialization.
JavaScript warning: https://www.google.com/maps/contrib/114662743491960383845 line 1483 > injectedScript, line 5248: WebGL warning: texSubImage: Texture has not been initialized prior to a partial upload, forcing the browser to clear it. This may be slow.
JavaScript warning: https://www.google.com/maps/contrib/114662743491960383845 line 1483 > injectedScript, line 5248: WebGL warning: texSubImage: Tex image TEXTURE_2D level 0 is incurring lazy initialization.
JavaScript warning: https://www.google.com/maps/contrib/114662743491960383845 line 1483 > injectedScript, line 5248: WebGL warning: texSubImage: Texture has not been initialized prior to a partial upload, forcing the browser to clear it. This may be slow.
JavaScript warning: https://www.google.com/maps/contrib/114662743491960383845 line 1483 > injectedScript, line 5248: WebGL warning: texSubImage: Tex image TEXTURE_2D level 0 is incurring lazy initialization.

###!!! [Child][RunMessage] Error: Channel closing: too late to send/recv, messages will be lost


###!!! [Child][RunMessage] Error: Channel closing: too late to send/recv, messages will be lost

1625756334292	Marionette	INFO	Stopped listening on port 41687

###!!! [Parent][RunMessage] Error: Channel closing: too late to send/recv, messages will be lost

JavaScript warning: https://www.google.com/maps/contrib/115300050190373151962 line 1483 > injectedScript, line 5248: WebGL warning: texSubImage: Texture has not been initialized prior to a partial upload, forcing the browser to clear it. This may be slow.
JavaScript warning: https://www.google.com/maps/contrib/115300050190373151962 line 1483 > injectedScript, line 5248: WebGL warning: texSubImage: Tex image TEXTURE_2D level 0 is incurring lazy initialization.
JavaScript warning: https://www.google.com/maps/contrib/115300050190373151962 line 1483 > injectedScript, line 5248: WebGL warning: texSubImage: Texture has not been initialized prior to a partial upload, forcing the browser to clear it. This may be slow.
JavaScript warning: https://www.google.com/maps/contrib/115300050190373151962 line 1483 > injectedScript, line 5248: WebGL warning: texSubImage: Tex image TEXTURE_2D level 0 is incurring lazy initialization.
JavaScript warning: https://www.google.com/maps/contrib/115300050190373151962 line 1483 > injectedScript, line 5248: WebGL warning: texSubImage: Texture has not been initialized prior to a partial upload, forcing the browser to clear it. This may be slow.
JavaScript warning: https://www.google.com/maps/contrib/115300050190373151962 line 1483 > injectedScript, line 5248: WebGL warning: texSubImage: Tex image TEXTURE_2D level 0 is incurring lazy initialization.
JavaScript warning: https://www.google.com/maps/contrib/115300050190373151962 line 1483 > injectedScript, line 5248: WebGL warning: texSubImage: Texture has not been initialized prior to a partial upload, forcing the browser to clear it. This may be slow.
JavaScript warning: https://www.google.com/maps/contrib/115300050190373151962 line 1483 > injectedScript, line 5248: WebGL warning: texSubImage: Tex image TEXTURE_2D level 0 is incurring lazy initialization.
JavaScript warning: https://www.google.com/maps/contrib/115300050190373151962 line 1483 > injectedScript, line 5248: WebGL warning: texSubImage: Texture has not been initialized prior to a partial upload, forcing the browser to clear it. This may be slow.
JavaScript warning: https://www.google.com/maps/contrib/115300050190373151962 line 1483 > injectedScript, line 5248: WebGL warning: texSubImage: Tex image TEXTURE_2D level 0 is incurring lazy initialization.
JavaScript warning: https://www.google.com/maps/contrib/115300050190373151962 line 1483 > injectedScript, line 5248: WebGL warning: texSubImage: Texture has not been initialized prior to a partial upload, forcing the browser to clear it. This may be slow.
JavaScript warning: https://www.google.com/maps/contrib/115300050190373151962 line 1483 > injectedScript, line 5248: WebGL warning: texSubImage: Tex image TEXTURE_2D level 0 is incurring lazy initialization.
1625756419507	Marionette	INFO	Stopped listening on port 42605
1625756424660	geckodriver	INFO	Listening on 127.0.0.1:56361
1625756425667	mozrunner::runner	INFO	Running command: "/usr/bin/firefox" "--marionette" "-foreground" "-no-remote" "-profile" "/tmp/rust_mozprofileyUXLXr"
1625756426100	Marionette	INFO	Marionette enabled
console.warn: SearchSettings: "get: No settings file exists, new profile?" (new NotFoundError("Could not open the file at /tmp/rust_mozprofileyUXLXr/search.json.mozlz4", (void 0)))
1625756427598	Marionette	INFO	Listening on port 45389
1625756427693	Marionette	WARN	TLS certificate errors will be ignored for this session
JavaScript warning: https://www.google.com/maps/contrib/110924321861016462818 line 1483 > injectedScript, line 5251: WebGL warning: texSubImage: Texture has not been initialized prior to a partial upload, forcing the browser to clear it. This may be slow.
JavaScript warning: https://www.google.com/maps/contrib/110924321861016462818 line 1483 > injectedScript, line 5251: WebGL warning: texSubImage: Tex image TEXTURE_2D level 0 is incurring lazy initialization.
JavaScript warning: https://www.google.com/maps/contrib/110924321861016462818 line 1483 > injectedScript, line 5251: WebGL warning: texSubImage: Texture has not been initialized prior to a partial upload, forcing the browser to clear it. This may be slow.
JavaScript warning: https://www.google.com/maps/contrib/110924321861016462818 line 1483 > injectedScript, line 5251: WebGL warning: texSubImage: Tex image TEXTURE_2D level 0 is incurring lazy initialization.
JavaScript warning: https://www.google.com/maps/contrib/110924321861016462818 line 1483 > injectedScript, line 5251: WebGL warning: texSubImage: Texture has not been initialized prior to a partial upload, forcing the browser to clear it. This may be slow.
JavaScript warning: https://www.google.com/maps/contrib/110924321861016462818 line 1483 > injectedScript, line 5251: WebGL warning: texSubImage: Tex image TEXTURE_2D level 0 is incurring lazy initialization.
JavaScript warning: https://www.google.com/maps/contrib/110924321861016462818 line 1483 > injectedScript, line 5251: WebGL warning: texSubImage: Texture has not been initialized prior to a partial upload, forcing the browser to clear it. This may be slow.
JavaScript warning: https://www.google.com/maps/contrib/110924321861016462818 line 1483 > injectedScript, line 5251: WebGL warning: texSubImage: Tex image TEXTURE_2D level 0 is incurring lazy initialization.
JavaScript warning: https://www.google.com/maps/contrib/110924321861016462818 line 1483 > injectedScript, line 5251: WebGL warning: texSubImage: Texture has not been initialized prior to a partial upload, forcing the browser to clear it. This may be slow.
JavaScript warning: https://www.google.com/maps/contrib/110924321861016462818 line 1483 > injectedScript, line 5251: WebGL warning: texSubImage: Tex image TEXTURE_2D level 0 is incurring lazy initialization.
JavaScript warning: https://www.google.com/maps/contrib/110924321861016462818 line 1483 > injectedScript, line 5251: WebGL warning: texSubImage: Texture has not been initialized prior to a partial upload, forcing the browser to clear it. This may be slow.
JavaScript warning: https://www.google.com/maps/contrib/110924321861016462818 line 1483 > injectedScript, line 5251: WebGL warning: texSubImage: Tex image TEXTURE_2D level 0 is incurring lazy initialization.
1625756450595	Marionette	INFO	Stopped listening on port 45389

###!!! [Parent][RunMessage] Error: Channel closing: too late to send/recv, messages will be lost

